[debug] [2022-06-26T05:21:24.226Z] ----------------------------------------------------------------------
[debug] [2022-06-26T05:21:24.228Z] Command:       /usr/local/Cellar/node/18.2.0/bin/node /usr/local/bin/firebase init database
[debug] [2022-06-26T05:21:24.228Z] CLI Version:   11.1.0
[debug] [2022-06-26T05:21:24.228Z] Platform:      darwin
[debug] [2022-06-26T05:21:24.228Z] Node Version:  v18.2.0
[debug] [2022-06-26T05:21:24.229Z] Time:          Sun Jun 26 2022 10:51:24 GMT+0530 (India Standard Time)
[debug] [2022-06-26T05:21:24.229Z] ----------------------------------------------------------------------
[debug] 
[debug] [2022-06-26T05:21:24.313Z] > command requires scopes: ["email","openid","https://www.googleapis.com/auth/cloudplatformprojects.readonly","https://www.googleapis.com/auth/firebase","https://www.googleapis.com/auth/cloud-platform"]
[debug] [2022-06-26T05:21:24.313Z] > authorizing via signed-in user (ajithtreat@gmail.com)
[info] 
     ######## #### ########  ######## ########     ###     ######  ########
     ##        ##  ##     ## ##       ##     ##  ##   ##  ##       ##
     ######    ##  ########  ######   ########  #########  ######  ######
     ##        ##  ##    ##  ##       ##     ## ##     ##       ## ##
     ##       #### ##     ## ######## ########  ##     ##  ######  ########

You're about to initialize a Firebase project in this directory:

  /Users/jobuli/Documents/untitled folder/matrimony-demo

Before we get started, keep in mind:

  * You are initializing within an existing Firebase project directory

[info] 
=== Project Setup
[info] 
[info] First, let's associate this project directory with a Firebase project.
[info] You can create multiple project aliases by running firebase use --add, 
[info] but for now we'll just set up a default project.
[info] 
[debug] [2022-06-26T05:21:24.318Z] Using project from CLI flag: fir-matrimony
[debug] [2022-06-26T05:21:24.321Z] >>> [apiv2][query] GET https://firebase.googleapis.com/v1beta1/projects/fir-matrimony [none]
[debug] [2022-06-26T05:21:24.917Z] <<< [apiv2][status] GET https://firebase.googleapis.com/v1beta1/projects/fir-matrimony 200
[debug] [2022-06-26T05:21:24.917Z] <<< [apiv2][body] GET https://firebase.googleapis.com/v1beta1/projects/fir-matrimony {"projectId":"fir-matrimony","projectNumber":"924791943366","displayName":"demo-matrimony","name":"projects/fir-matrimony","resources":{"hostingSite":"fir-matrimony","storageBucket":"fir-matrimony.appspot.com","locationId":"us-west1"},"state":"ACTIVE"}
[info] i  Using project fir-matrimony (demo-matrimony) 
[info] 
=== Database Setup
[info] i  database: ensuring required API firebasedatabase.googleapis.com is enabled... 
[debug] [2022-06-26T05:21:24.940Z] >>> [apiv2][query] GET https://serviceusage.googleapis.com/v1/projects/fir-matrimony/services/firebasedatabase.googleapis.com [none]
[debug] [2022-06-26T05:21:26.582Z] <<< [apiv2][status] GET https://serviceusage.googleapis.com/v1/projects/fir-matrimony/services/firebasedatabase.googleapis.com 200
[debug] [2022-06-26T05:21:26.583Z] <<< [apiv2][body] GET https://serviceusage.googleapis.com/v1/projects/fir-matrimony/services/firebasedatabase.googleapis.com [omitted]
[warn] ⚠  database: missing required API firebasedatabase.googleapis.com. Enabling now... 
[debug] [2022-06-26T05:21:26.584Z] >>> [apiv2][query] POST https://serviceusage.googleapis.com/v1/projects/fir-matrimony/services/firebasedatabase.googleapis.com:enable [none]
[debug] [2022-06-26T05:21:28.217Z] <<< [apiv2][status] POST https://serviceusage.googleapis.com/v1/projects/fir-matrimony/services/firebasedatabase.googleapis.com:enable 200
[debug] [2022-06-26T05:21:28.218Z] <<< [apiv2][body] POST https://serviceusage.googleapis.com/v1/projects/fir-matrimony/services/firebasedatabase.googleapis.com:enable [omitted]
[debug] [2022-06-26T05:21:38.220Z] >>> [apiv2][query] GET https://serviceusage.googleapis.com/v1/projects/fir-matrimony/services/firebasedatabase.googleapis.com [none]
[debug] [2022-06-26T05:21:39.788Z] <<< [apiv2][status] GET https://serviceusage.googleapis.com/v1/projects/fir-matrimony/services/firebasedatabase.googleapis.com 200
[debug] [2022-06-26T05:21:39.788Z] <<< [apiv2][body] GET https://serviceusage.googleapis.com/v1/projects/fir-matrimony/services/firebasedatabase.googleapis.com [omitted]
[info] ✔  database: required API firebasedatabase.googleapis.com is enabled 
[info] 
[debug] [2022-06-26T05:21:39.792Z] >>> [apiv2][query] GET https://firebase.googleapis.com/v1beta1/projects/fir-matrimony [none]
[debug] [2022-06-26T05:21:40.143Z] <<< [apiv2][status] GET https://firebase.googleapis.com/v1beta1/projects/fir-matrimony 200
[debug] [2022-06-26T05:21:40.143Z] <<< [apiv2][body] GET https://firebase.googleapis.com/v1beta1/projects/fir-matrimony {"projectId":"fir-matrimony","projectNumber":"924791943366","displayName":"demo-matrimony","name":"projects/fir-matrimony","resources":{"hostingSite":"fir-matrimony","storageBucket":"fir-matrimony.appspot.com","locationId":"us-west1"},"state":"ACTIVE"}
